<?xml version="1.0" encoding="UTF-8"?>
<!-- Generated by org.testng.reporters.JUnitReportReporter -->
<testsuite hostname="DESKTOP-5H50MM9" failures="0" tests="1" name="Testrunner.Testngtestrunner" time="11.866" errors="0" timestamp="2024-03-21T13:06:01 IST" skipped="0">
  <testcase classname="Testrunner.Testngtestrunner" name="runScenario" time="11.866"/>
</testsuite> <!-- Testrunner.Testngtestrunner -->
